TeamCode/build/intermediates/manifest_merge_blame_file/debug/manifest-merger-blame-debug-report.txt
1<?xml version="1.0" encoding="utf-8"?>
2<!--
3 Note: the actual manifest file used in your APK merges this file with contributions
4     from the modules on which your app depends (such as FtcRobotController, etc).
5     So it won't ultimately be as empty as it might here appear to be :-)
6-->
7<!-- The package name here determines the package for your R class and your BuildConfig class -->
8<manifest xmlns:android="http://schemas.android.com/apk/res/android"
9    package="com.qualcomm.ftcrobotcontroller"
10    android:versionCode="44"
11    android:versionName="7.1" >
12
13    <uses-sdk
14        android:minSdkVersion="23"
14-->src/main/AndroidManifest.xml
15        android:targetSdkVersion="28" />
15-->src/main/AndroidManifest.xml
16
17    <uses-permission android:name="android.permission.RECEIVE_BOOT_COMPLETED" />
17-->[:FtcRobotController] AndroidManifest.xml:12:5-81
17-->[:FtcRobotController] AndroidManifest.xml:12:22-78
18    <uses-permission
18-->[org.firstinspires.ftc:Blocks:7.1.0] AndroidManifest.xml:11:5-13:35
19        android:name="android.permission.WRITE_EXTERNAL_STORAGE"
19-->[org.firstinspires.ftc:Blocks:7.1.0] AndroidManifest.xml:12:9-65
20        android:required="true" />
20-->[org.firstinspires.ftc:Blocks:7.1.0] AndroidManifest.xml:13:9-32
21    <uses-permission
21-->[org.firstinspires.ftc:Blocks:7.1.0] AndroidManifest.xml:14:5-16:35
22        android:name="android.permission.READ_EXTERNAL_STORAGE"
22-->[org.firstinspires.ftc:Blocks:7.1.0] AndroidManifest.xml:15:9-64
23        android:required="true" />
23-->[org.firstinspires.ftc:Blocks:7.1.0] AndroidManifest.xml:16:9-32
24    <uses-permission
24-->[org.firstinspires.ftc:FtcCommon:7.1.0] AndroidManifest.xml:12:5-76
25        android:name="android.permission.ACCESS_WIFI_STATE"
25-->[org.firstinspires.ftc:FtcCommon:7.1.0] AndroidManifest.xml:12:22-73
26        android:required="true" />
26-->[org.firstinspires.ftc:RobotCore:7.1.0] AndroidManifest.xml:13:9-32
27    <uses-permission
27-->[org.firstinspires.ftc:FtcCommon:7.1.0] AndroidManifest.xml:19:5-21:35
28        android:name="android.permission.WRITE_SETTINGS"
28-->[org.firstinspires.ftc:FtcCommon:7.1.0] AndroidManifest.xml:20:9-57
29        android:required="true" />
29-->[org.firstinspires.ftc:FtcCommon:7.1.0] AndroidManifest.xml:21:9-32
30    <uses-permission android:name="android.permission.BLUETOOTH_ADMIN" />
30-->[org.firstinspires.ftc:Inspection:7.1.0] AndroidManifest.xml:12:5-74
30-->[org.firstinspires.ftc:Inspection:7.1.0] AndroidManifest.xml:12:22-71
31    <uses-permission
31-->[org.firstinspires.ftc:Inspection:7.1.0] AndroidManifest.xml:13:5-76
32        android:name="android.permission.CHANGE_WIFI_STATE"
32-->[org.firstinspires.ftc:Inspection:7.1.0] AndroidManifest.xml:13:22-73
33        android:required="true" />
33-->[org.firstinspires.ftc:RobotCore:7.1.0] AndroidManifest.xml:16:9-32
34    <uses-permission
34-->[org.firstinspires.ftc:Inspection:7.1.0] AndroidManifest.xml:14:5-79
35        android:name="android.permission.CHANGE_NETWORK_STATE"
35-->[org.firstinspires.ftc:Inspection:7.1.0] AndroidManifest.xml:14:22-76
36        android:required="true" />
36-->[org.firstinspires.ftc:RobotCore:7.1.0] AndroidManifest.xml:23:9-32
37    <uses-permission
37-->[org.firstinspires.ftc:Inspection:7.1.0] AndroidManifest.xml:15:5-67
38        android:name="android.permission.INTERNET"
38-->[org.firstinspires.ftc:Inspection:7.1.0] AndroidManifest.xml:15:22-64
39        android:required="true" />
39-->[org.firstinspires.ftc:RobotCore:7.1.0] AndroidManifest.xml:26:9-32
40    <uses-permission
40-->[org.firstinspires.ftc:Inspection:7.1.0] AndroidManifest.xml:16:5-79
41        android:name="android.permission.ACCESS_NETWORK_STATE"
41-->[org.firstinspires.ftc:Inspection:7.1.0] AndroidManifest.xml:16:22-76
42        android:required="true" />
42-->[org.firstinspires.ftc:RobotCore:7.1.0] AndroidManifest.xml:20:9-32
43    <uses-permission android:name="android.permission.BLUETOOTH" /> <!-- see AppUtil.setTimeZone() -->
43-->[org.firstinspires.ftc:Inspection:7.1.0] AndroidManifest.xml:17:5-68
43-->[org.firstinspires.ftc:Inspection:7.1.0] AndroidManifest.xml:17:22-65
44    <uses-permission
44-->[org.firstinspires.ftc:RobotCore:7.1.0] AndroidManifest.xml:43:5-45:35
45        android:name="android.permission.SET_TIME_ZONE"
45-->[org.firstinspires.ftc:RobotCore:7.1.0] AndroidManifest.xml:44:9-56
46        android:required="true" />
46-->[org.firstinspires.ftc:RobotCore:7.1.0] AndroidManifest.xml:45:9-32
47    <!--
48  Note: we suspect that this (android.permission.WAKE_LOCK) is no
49  longer needed, but haven't yet found the time necessary to verify
50  that assertion before removing it
51    -->
52    <uses-permission
52-->[org.firstinspires.ftc:RobotCore:7.1.0] AndroidManifest.xml:52:5-54:35
53        android:name="android.permission.WAKE_LOCK"
53-->[org.firstinspires.ftc:RobotCore:7.1.0] AndroidManifest.xml:53:9-52
54        android:required="true" />
54-->[org.firstinspires.ftc:RobotCore:7.1.0] AndroidManifest.xml:54:9-32
55    <uses-permission android:name="android.permission.CAMERA" />
55-->[org.firstinspires.ftc:RobotCore:7.1.0] AndroidManifest.xml:55:5-65
55-->[org.firstinspires.ftc:RobotCore:7.1.0] AndroidManifest.xml:55:22-62
56    <uses-permission
56-->[org.firstinspires.ftc:RobotCore:7.1.0] AndroidManifest.xml:56:5-58:35
57        android:name="android.permission.ACCESS_COARSE_LOCATION"
57-->[org.firstinspires.ftc:RobotCore:7.1.0] AndroidManifest.xml:57:9-65
58        android:required="true" />
58-->[org.firstinspires.ftc:RobotCore:7.1.0] AndroidManifest.xml:58:9-32
59    <uses-permission
59-->[org.firstinspires.ftc:RobotCore:7.1.0] AndroidManifest.xml:59:5-61:35
60        android:name="android.permission.ACCESS_FINE_LOCATION"
60-->[org.firstinspires.ftc:RobotCore:7.1.0] AndroidManifest.xml:60:9-63
61        android:required="true" />
61-->[org.firstinspires.ftc:RobotCore:7.1.0] AndroidManifest.xml:61:9-32
62    <uses-permission
62-->[org.firstinspires.ftc:RobotCore:7.1.0] AndroidManifest.xml:62:5-64:35
63        android:name="android.permission.READ_PHONE_STATE"
63-->[org.firstinspires.ftc:RobotCore:7.1.0] AndroidManifest.xml:63:9-59
64        android:required="true" />
64-->[org.firstinspires.ftc:RobotCore:7.1.0] AndroidManifest.xml:64:9-32
65    <uses-permission
65-->[org.firstinspires.ftc:RobotCore:7.1.0] AndroidManifest.xml:65:5-67:35
66        android:name="com.revrobotics.permission.UPDATE_CONTROL_HUB"
66-->[org.firstinspires.ftc:RobotCore:7.1.0] AndroidManifest.xml:66:9-69
67        android:required="true" />
67-->[org.firstinspires.ftc:RobotCore:7.1.0] AndroidManifest.xml:67:9-32
68
69    <uses-feature android:name="android.hardware.usb.accessory" />
69-->[org.firstinspires.ftc:RobotCore:7.1.0] AndroidManifest.xml:69:5-67
69-->[org.firstinspires.ftc:RobotCore:7.1.0] AndroidManifest.xml:69:19-64
70    <uses-feature android:glEsVersion="0x00020000" />
70-->[org.firstinspires.ftc:RobotCore:7.1.0] AndroidManifest.xml:70:5-54
70-->[org.firstinspires.ftc:RobotCore:7.1.0] AndroidManifest.xml:70:19-51
71    <!--
72        NOTE: Any application that requests the CAMERA permission but does not
73        declare any camera features with the <uses-feature> element will be
74        assumed to use all camera features (auto-focus and flash). Thus, the
75        application will not be compatible with devices that do not support
76        all camera features. We use <uses-feature> to declare only the
77        camera features that our application does need. For instance, if you
78        request the CAMERA permission, but you do not need auto-focus or
79        flash, then declare only the android.hardware.camera feature. The
80        other camera features that you do not request will no longer be
81        assumed as required.
82    -->
83    <uses-feature android:name="android.hardware.camera" />
83-->[org.firstinspires.ftc:RobotCore:7.1.0] AndroidManifest.xml:84:5-60
83-->[org.firstinspires.ftc:RobotCore:7.1.0] AndroidManifest.xml:84:19-57
84
85    <application
85-->src/main/AndroidManifest.xml:11:5-19
86        android:name="org.firstinspires.ftc.robotcore.internal.system.RobotApplication"
86-->[org.firstinspires.ftc:RobotCore:7.1.0] AndroidManifest.xml:86:18-97
87        android:allowBackup="true"
87-->[:FtcRobotController] AndroidManifest.xml:15:9-35
88        android:appComponentFactory="androidx.core.app.CoreComponentFactory"
88-->[androidx.core:core:1.3.0] AndroidManifest.xml:24:18-86
89        android:debuggable="true"
90        android:extractNativeLibs="true"
90-->[:FtcRobotController] AndroidManifest.xml:16:9-41
91        android:icon="@drawable/ic_launcher"
91-->[:FtcRobotController] AndroidManifest.xml:17:9-45
92        android:label="@string/app_name"
92-->[:FtcRobotController] AndroidManifest.xml:18:9-41
93        android:largeHeap="true"
93-->[:FtcRobotController] AndroidManifest.xml:19:9-33
94        android:theme="@style/AppThemeRedRC"
94-->[:FtcRobotController] AndroidManifest.xml:20:9-45
95        android:usesCleartextTraffic="true" > <!-- Indicates to the ControlHubUpdater what the latest version of the Control Hub is that this app supports -->
95-->[:FtcRobotController] AndroidManifest.xml:21:9-44
96        <meta-data
96-->[:FtcRobotController] AndroidManifest.xml:24:9-26:33
97            android:name="org.firstinspires.latestSupportedControlHubVersion"
97-->[:FtcRobotController] AndroidManifest.xml:25:13-78
98            android:value="1" /> <!-- The main robot controller activity -->
98-->[:FtcRobotController] AndroidManifest.xml:26:13-30
99        <activity
99-->[:FtcRobotController] AndroidManifest.xml:29:9-40:20
100            android:name="org.firstinspires.ftc.robotcontroller.internal.PermissionValidatorWrapper"
100-->[:FtcRobotController] AndroidManifest.xml:30:13-101
101            android:configChanges="orientation|screenSize"
101-->[:FtcRobotController] AndroidManifest.xml:31:13-59
102            android:label="@string/app_name"
102-->[:FtcRobotController] AndroidManifest.xml:32:13-45
103            android:launchMode="singleTask"
103-->[:FtcRobotController] AndroidManifest.xml:33:13-44
104            android:screenOrientation="fullUser" >
104-->[:FtcRobotController] AndroidManifest.xml:34:13-49
105            <intent-filter>
105-->[:FtcRobotController] AndroidManifest.xml:35:13-39:29
106                <category android:name="android.intent.category.LAUNCHER" />
106-->[:FtcRobotController] AndroidManifest.xml:36:17-77
106-->[:FtcRobotController] AndroidManifest.xml:36:27-74
107
108                <action android:name="android.intent.action.MAIN" />
108-->[:FtcRobotController] AndroidManifest.xml:38:17-69
108-->[:FtcRobotController] AndroidManifest.xml:38:25-66
109            </intent-filter>
110        </activity>
111        <activity
111-->[:FtcRobotController] AndroidManifest.xml:41:9-59:20
112            android:name="org.firstinspires.ftc.robotcontroller.internal.FtcRobotControllerActivity"
112-->[:FtcRobotController] AndroidManifest.xml:42:13-101
113            android:configChanges="orientation|screenSize"
113-->[:FtcRobotController] AndroidManifest.xml:43:13-59
114            android:label="@string/app_name"
114-->[:FtcRobotController] AndroidManifest.xml:44:13-45
115            android:launchMode="singleTask"
115-->[:FtcRobotController] AndroidManifest.xml:45:13-44
116            android:screenOrientation="fullUser" >
116-->[:FtcRobotController] AndroidManifest.xml:46:13-49
117            <intent-filter>
117-->[:FtcRobotController] AndroidManifest.xml:47:13-49:29
118                <action android:name="android.hardware.usb.action.USB_DEVICE_ATTACHED" />
118-->[:FtcRobotController] AndroidManifest.xml:48:17-90
118-->[:FtcRobotController] AndroidManifest.xml:48:25-87
119            </intent-filter>
120
121            <meta-data
121-->[:FtcRobotController] AndroidManifest.xml:51:13-53:57
122                android:name="android.hardware.usb.action.USB_DEVICE_ATTACHED"
122-->[:FtcRobotController] AndroidManifest.xml:52:17-79
123                android:resource="@xml/device_filter" />
123-->[:FtcRobotController] AndroidManifest.xml:53:17-54
124
125            <!-- org.firstinspires.main.entry indicates that this app is compatible with the Dragonboard Control Hub -->
126            <meta-data
126-->[:FtcRobotController] AndroidManifest.xml:56:13-58:40
127                android:name="org.firstinspires.main.entry"
127-->[:FtcRobotController] AndroidManifest.xml:57:17-60
128                android:value="true" />
128-->[:FtcRobotController] AndroidManifest.xml:58:17-37
129        </activity> <!-- The robot controller service in which most of the robot functionality is managed -->
130        <service
130-->[:FtcRobotController] AndroidManifest.xml:62:9-64:38
131            android:name="com.qualcomm.ftccommon.FtcRobotControllerService"
131-->[:FtcRobotController] AndroidManifest.xml:63:13-76
132            android:enabled="true" /> <!-- Assistant that autostarts the robot controller on android boot (if it's supposed to) -->
132-->[:FtcRobotController] AndroidManifest.xml:64:13-35
133        <receiver
133-->[:FtcRobotController] AndroidManifest.xml:67:9-78:20
134            android:name="org.firstinspires.ftc.ftccommon.internal.RunOnBoot"
134-->[:FtcRobotController] AndroidManifest.xml:68:13-78
135            android:enabled="true"
135-->[:FtcRobotController] AndroidManifest.xml:69:13-35
136            android:exported="true"
136-->[:FtcRobotController] AndroidManifest.xml:70:13-36
137            android:permission="android.permission.RECEIVE_BOOT_COMPLETED" >
137-->[:FtcRobotController] AndroidManifest.xml:71:13-75
138            <intent-filter>
138-->[:FtcRobotController] AndroidManifest.xml:72:13-77:29
139                <category android:name="android.intent.category.DEFAULT" />
139-->[:FtcRobotController] AndroidManifest.xml:73:17-76
139-->[:FtcRobotController] AndroidManifest.xml:73:27-73
140
141                <action android:name="android.intent.action.BOOT_COMPLETED" />
141-->[:FtcRobotController] AndroidManifest.xml:75:17-79
141-->[:FtcRobotController] AndroidManifest.xml:75:25-76
142                <action android:name="android.intent.action.QUICKBOOT_POWERON" />
142-->[:FtcRobotController] AndroidManifest.xml:76:17-82
142-->[:FtcRobotController] AndroidManifest.xml:76:25-79
143            </intent-filter>
144        </receiver>
145
146        <activity
146-->[org.firstinspires.ftc:Blocks:7.1.0] AndroidManifest.xml:19:9-23:20
147            android:name="org.firstinspires.ftc.ftccommon.internal.ProgramAndManageActivity"
147-->[org.firstinspires.ftc:Blocks:7.1.0] AndroidManifest.xml:20:13-93
148            android:configChanges="orientation|screenSize"
148-->[org.firstinspires.ftc:Blocks:7.1.0] AndroidManifest.xml:21:13-59
149            android:label="@string/program_and_manage_activity" >
149-->[org.firstinspires.ftc:Blocks:7.1.0] AndroidManifest.xml:22:13-64
150        </activity>
151        <activity
151-->[org.firstinspires.ftc:FtcCommon:7.1.0] AndroidManifest.xml:26:9-30:20
152            android:name="com.qualcomm.ftccommon.FtcRobotControllerSettingsActivity"
152-->[org.firstinspires.ftc:FtcCommon:7.1.0] AndroidManifest.xml:27:13-85
153            android:exported="true"
153-->[org.firstinspires.ftc:FtcCommon:7.1.0] AndroidManifest.xml:28:13-36
154            android:label="@string/settings_activity" >
154-->[org.firstinspires.ftc:FtcCommon:7.1.0] AndroidManifest.xml:29:13-54
155        </activity>
156        <activity
156-->[org.firstinspires.ftc:FtcCommon:7.1.0] AndroidManifest.xml:31:9-36:20
157            android:name="com.qualcomm.ftccommon.configuration.FtcLoadFileActivity"
157-->[org.firstinspires.ftc:FtcCommon:7.1.0] AndroidManifest.xml:32:13-84
158            android:configChanges="orientation|screenSize"
158-->[org.firstinspires.ftc:FtcCommon:7.1.0] AndroidManifest.xml:33:13-59
159            android:exported="true"
159-->[org.firstinspires.ftc:FtcCommon:7.1.0] AndroidManifest.xml:34:13-36
160            android:label="@string/configure_activity" >
160-->[org.firstinspires.ftc:FtcCommon:7.1.0] AndroidManifest.xml:35:13-55
161        </activity>
162        <activity
162-->[org.firstinspires.ftc:FtcCommon:7.1.0] AndroidManifest.xml:37:9-42:20
163            android:name="com.qualcomm.ftccommon.configuration.ConfigureFromTemplateActivity"
163-->[org.firstinspires.ftc:FtcCommon:7.1.0] AndroidManifest.xml:38:13-94
164            android:configChanges="orientation|screenSize"
164-->[org.firstinspires.ftc:FtcCommon:7.1.0] AndroidManifest.xml:39:13-59
165            android:exported="true"
165-->[org.firstinspires.ftc:FtcCommon:7.1.0] AndroidManifest.xml:40:13-36
166            android:label="@string/title_activity_configfromtemplate" >
166-->[org.firstinspires.ftc:FtcCommon:7.1.0] AndroidManifest.xml:41:13-70
167        </activity>
168        <activity
168-->[org.firstinspires.ftc:FtcCommon:7.1.0] AndroidManifest.xml:43:9-48:20
169            android:name="com.qualcomm.ftccommon.ViewLogsActivity"
169-->[org.firstinspires.ftc:FtcCommon:7.1.0] AndroidManifest.xml:44:13-67
170            android:configChanges="orientation|screenSize"
170-->[org.firstinspires.ftc:FtcCommon:7.1.0] AndroidManifest.xml:45:13-59
171            android:exported="true"
171-->[org.firstinspires.ftc:FtcCommon:7.1.0] AndroidManifest.xml:46:13-36
172            android:label="@string/view_logs_activity" >
172-->[org.firstinspires.ftc:FtcCommon:7.1.0] AndroidManifest.xml:47:13-55
173        </activity>
174        <activity
174-->[org.firstinspires.ftc:FtcCommon:7.1.0] AndroidManifest.xml:49:9-53:20
175            android:name="com.qualcomm.ftccommon.configuration.FtcConfigurationActivity"
175-->[org.firstinspires.ftc:FtcCommon:7.1.0] AndroidManifest.xml:50:13-89
176            android:configChanges="orientation|screenSize"
176-->[org.firstinspires.ftc:FtcCommon:7.1.0] AndroidManifest.xml:51:13-59
177            android:label="@string/app_name" >
177-->[org.firstinspires.ftc:FtcCommon:7.1.0] AndroidManifest.xml:52:13-45
178        </activity>
179        <activity
179-->[org.firstinspires.ftc:FtcCommon:7.1.0] AndroidManifest.xml:54:9-58:20
180            android:name="com.qualcomm.ftccommon.configuration.FtcNewFileActivity"
180-->[org.firstinspires.ftc:FtcCommon:7.1.0] AndroidManifest.xml:55:13-83
181            android:configChanges="orientation|screenSize"
181-->[org.firstinspires.ftc:FtcCommon:7.1.0] AndroidManifest.xml:56:13-59
182            android:label="@string/app_name" >
182-->[org.firstinspires.ftc:FtcCommon:7.1.0] AndroidManifest.xml:57:13-45
183        </activity>
184        <activity
184-->[org.firstinspires.ftc:FtcCommon:7.1.0] AndroidManifest.xml:59:9-63:20
185            android:name="com.qualcomm.ftccommon.FtcAdvancedRCSettingsActivity"
185-->[org.firstinspires.ftc:FtcCommon:7.1.0] AndroidManifest.xml:60:13-80
186            android:exported="true"
186-->[org.firstinspires.ftc:FtcCommon:7.1.0] AndroidManifest.xml:61:13-36
187            android:label="@string/titleAdvancedRCSettings" >
187-->[org.firstinspires.ftc:FtcCommon:7.1.0] AndroidManifest.xml:62:13-60
188        </activity>
189        <activity
189-->[org.firstinspires.ftc:FtcCommon:7.1.0] AndroidManifest.xml:64:9-67:20
190            android:name="com.qualcomm.ftccommon.FtcLynxFirmwareUpdateActivity"
190-->[org.firstinspires.ftc:FtcCommon:7.1.0] AndroidManifest.xml:65:13-80
191            android:exported="true" >
191-->[org.firstinspires.ftc:FtcCommon:7.1.0] AndroidManifest.xml:66:13-36
192        </activity>
193        <activity
193-->[org.firstinspires.ftc:FtcCommon:7.1.0] AndroidManifest.xml:68:9-71:20
194            android:name="com.qualcomm.ftccommon.FtcLynxModuleAddressUpdateActivity"
194-->[org.firstinspires.ftc:FtcCommon:7.1.0] AndroidManifest.xml:69:13-85
195            android:exported="true" >
195-->[org.firstinspires.ftc:FtcCommon:7.1.0] AndroidManifest.xml:70:13-36
196        </activity>
197        <activity
197-->[org.firstinspires.ftc:FtcCommon:7.1.0] AndroidManifest.xml:72:9-76:20
198            android:name="com.qualcomm.ftccommon.FtcWifiDirectChannelSelectorActivity"
198-->[org.firstinspires.ftc:FtcCommon:7.1.0] AndroidManifest.xml:73:13-87
199            android:exported="true"
199-->[org.firstinspires.ftc:FtcCommon:7.1.0] AndroidManifest.xml:74:13-36
200            android:label="@string/title_activity_wifi_channel_selector" >
200-->[org.firstinspires.ftc:FtcCommon:7.1.0] AndroidManifest.xml:75:13-73
201        </activity>
202        <activity
202-->[org.firstinspires.ftc:FtcCommon:7.1.0] AndroidManifest.xml:77:9-81:20
203            android:name="com.qualcomm.ftccommon.FtcWifiDirectRememberedGroupsActivity"
203-->[org.firstinspires.ftc:FtcCommon:7.1.0] AndroidManifest.xml:78:13-88
204            android:exported="true"
204-->[org.firstinspires.ftc:FtcCommon:7.1.0] AndroidManifest.xml:79:13-36
205            android:label="@string/title_activity_wifi_remembered_groups_editor" >
205-->[org.firstinspires.ftc:FtcCommon:7.1.0] AndroidManifest.xml:80:13-81
206        </activity>
207        <activity
207-->[org.firstinspires.ftc:FtcCommon:7.1.0] AndroidManifest.xml:82:9-85:20
208            android:name="com.qualcomm.ftccommon.AboutActivity"
208-->[org.firstinspires.ftc:FtcCommon:7.1.0] AndroidManifest.xml:83:13-64
209            android:label="@string/about_activity" >
209-->[org.firstinspires.ftc:FtcCommon:7.1.0] AndroidManifest.xml:84:13-51
210        </activity>
211        <activity
211-->[org.firstinspires.ftc:FtcCommon:7.1.0] AndroidManifest.xml:86:9-89:20
212            android:name="com.qualcomm.ftccommon.FtcAboutActivity"
212-->[org.firstinspires.ftc:FtcCommon:7.1.0] AndroidManifest.xml:87:13-67
213            android:label="@string/ftc_about_activity" >
213-->[org.firstinspires.ftc:FtcCommon:7.1.0] AndroidManifest.xml:88:13-55
214        </activity>
215        <activity
215-->[org.firstinspires.ftc:FtcCommon:7.1.0] AndroidManifest.xml:90:9-95:20
216            android:name="com.qualcomm.ftccommon.configuration.EditSwapUsbDevices"
216-->[org.firstinspires.ftc:FtcCommon:7.1.0] AndroidManifest.xml:91:13-83
217            android:configChanges="orientation|screenSize"
217-->[org.firstinspires.ftc:FtcCommon:7.1.0] AndroidManifest.xml:92:13-59
218            android:label="@string/edit_swap_devices_activity"
218-->[org.firstinspires.ftc:FtcCommon:7.1.0] AndroidManifest.xml:93:13-63
219            android:windowSoftInputMode="stateHidden" >
219-->[org.firstinspires.ftc:FtcCommon:7.1.0] AndroidManifest.xml:94:13-54
220        </activity>
221        <activity
221-->[org.firstinspires.ftc:FtcCommon:7.1.0] AndroidManifest.xml:96:9-101:20
222            android:name="com.qualcomm.ftccommon.configuration.EditMotorControllerActivity"
222-->[org.firstinspires.ftc:FtcCommon:7.1.0] AndroidManifest.xml:97:13-92
223            android:configChanges="orientation|screenSize"
223-->[org.firstinspires.ftc:FtcCommon:7.1.0] AndroidManifest.xml:98:13-59
224            android:label="@string/edit_motor_controller_activity"
224-->[org.firstinspires.ftc:FtcCommon:7.1.0] AndroidManifest.xml:99:13-67
225            android:windowSoftInputMode="stateHidden" >
225-->[org.firstinspires.ftc:FtcCommon:7.1.0] AndroidManifest.xml:100:13-54
226        </activity>
227        <activity
227-->[org.firstinspires.ftc:FtcCommon:7.1.0] AndroidManifest.xml:102:9-107:20
228            android:name="com.qualcomm.ftccommon.configuration.EditLegacyMotorControllerActivity"
228-->[org.firstinspires.ftc:FtcCommon:7.1.0] AndroidManifest.xml:103:13-98
229            android:configChanges="orientation|screenSize"
229-->[org.firstinspires.ftc:FtcCommon:7.1.0] AndroidManifest.xml:104:13-59
230            android:label="@string/edit_motor_controller_activity"
230-->[org.firstinspires.ftc:FtcCommon:7.1.0] AndroidManifest.xml:105:13-67
231            android:windowSoftInputMode="stateHidden" >
231-->[org.firstinspires.ftc:FtcCommon:7.1.0] AndroidManifest.xml:106:13-54
232        </activity>
233        <activity
233-->[org.firstinspires.ftc:FtcCommon:7.1.0] AndroidManifest.xml:108:9-113:20
234            android:name="com.qualcomm.ftccommon.configuration.EditMotorListActivity"
234-->[org.firstinspires.ftc:FtcCommon:7.1.0] AndroidManifest.xml:109:13-86
235            android:configChanges="orientation|screenSize"
235-->[org.firstinspires.ftc:FtcCommon:7.1.0] AndroidManifest.xml:110:13-59
236            android:label="@string/edit_motor_controller_activity"
236-->[org.firstinspires.ftc:FtcCommon:7.1.0] AndroidManifest.xml:111:13-67
237            android:windowSoftInputMode="stateHidden" >
237-->[org.firstinspires.ftc:FtcCommon:7.1.0] AndroidManifest.xml:112:13-54
238        </activity>
239        <activity
239-->[org.firstinspires.ftc:FtcCommon:7.1.0] AndroidManifest.xml:114:9-119:20
240            android:name="com.qualcomm.ftccommon.configuration.EditServoControllerActivity"
240-->[org.firstinspires.ftc:FtcCommon:7.1.0] AndroidManifest.xml:115:13-92
241            android:configChanges="orientation|screenSize"
241-->[org.firstinspires.ftc:FtcCommon:7.1.0] AndroidManifest.xml:116:13-59
242            android:label="@string/edit_servo_controller_activity"
242-->[org.firstinspires.ftc:FtcCommon:7.1.0] AndroidManifest.xml:117:13-67
243            android:windowSoftInputMode="stateHidden|adjustResize" >
243-->[org.firstinspires.ftc:FtcCommon:7.1.0] AndroidManifest.xml:118:13-67
244        </activity>
245        <activity
245-->[org.firstinspires.ftc:FtcCommon:7.1.0] AndroidManifest.xml:120:9-125:20
246            android:name="com.qualcomm.ftccommon.configuration.EditLegacyServoControllerActivity"
246-->[org.firstinspires.ftc:FtcCommon:7.1.0] AndroidManifest.xml:121:13-98
247            android:configChanges="orientation|screenSize"
247-->[org.firstinspires.ftc:FtcCommon:7.1.0] AndroidManifest.xml:122:13-59
248            android:label="@string/edit_servo_controller_activity"
248-->[org.firstinspires.ftc:FtcCommon:7.1.0] AndroidManifest.xml:123:13-67
249            android:windowSoftInputMode="stateHidden|adjustResize" >
249-->[org.firstinspires.ftc:FtcCommon:7.1.0] AndroidManifest.xml:124:13-67
250        </activity>
251        <activity
251-->[org.firstinspires.ftc:FtcCommon:7.1.0] AndroidManifest.xml:126:9-131:20
252            android:name="com.qualcomm.ftccommon.configuration.EditServoListActivity"
252-->[org.firstinspires.ftc:FtcCommon:7.1.0] AndroidManifest.xml:127:13-86
253            android:configChanges="orientation|screenSize"
253-->[org.firstinspires.ftc:FtcCommon:7.1.0] AndroidManifest.xml:128:13-59
254            android:label="@string/edit_servo_controller_activity"
254-->[org.firstinspires.ftc:FtcCommon:7.1.0] AndroidManifest.xml:129:13-67
255            android:windowSoftInputMode="stateHidden|adjustResize" >
255-->[org.firstinspires.ftc:FtcCommon:7.1.0] AndroidManifest.xml:130:13-67
256        </activity>
257        <activity
257-->[org.firstinspires.ftc:FtcCommon:7.1.0] AndroidManifest.xml:132:9-137:20
258            android:name="com.qualcomm.ftccommon.configuration.EditLegacyModuleControllerActivity"
258-->[org.firstinspires.ftc:FtcCommon:7.1.0] AndroidManifest.xml:133:13-99
259            android:configChanges="orientation|screenSize"
259-->[org.firstinspires.ftc:FtcCommon:7.1.0] AndroidManifest.xml:134:13-59
260            android:label="@string/edit_legacy_module_controller_activity"
260-->[org.firstinspires.ftc:FtcCommon:7.1.0] AndroidManifest.xml:135:13-75
261            android:windowSoftInputMode="stateHidden|adjustResize" >
261-->[org.firstinspires.ftc:FtcCommon:7.1.0] AndroidManifest.xml:136:13-67
262        </activity>
263        <activity
263-->[org.firstinspires.ftc:FtcCommon:7.1.0] AndroidManifest.xml:138:9-143:20
264            android:name="com.qualcomm.ftccommon.configuration.EditMatrixControllerActivity"
264-->[org.firstinspires.ftc:FtcCommon:7.1.0] AndroidManifest.xml:139:13-93
265            android:configChanges="orientation|screenSize"
265-->[org.firstinspires.ftc:FtcCommon:7.1.0] AndroidManifest.xml:140:13-59
266            android:label="@string/edit_matrix_controller_activity"
266-->[org.firstinspires.ftc:FtcCommon:7.1.0] AndroidManifest.xml:141:13-68
267            android:windowSoftInputMode="stateHidden|adjustResize" >
267-->[org.firstinspires.ftc:FtcCommon:7.1.0] AndroidManifest.xml:142:13-67
268        </activity>
269        <activity
269-->[org.firstinspires.ftc:FtcCommon:7.1.0] AndroidManifest.xml:144:9-149:20
270            android:name="com.qualcomm.ftccommon.configuration.EditDeviceInterfaceModuleActivity"
270-->[org.firstinspires.ftc:FtcCommon:7.1.0] AndroidManifest.xml:145:13-98
271            android:configChanges="orientation|screenSize"
271-->[org.firstinspires.ftc:FtcCommon:7.1.0] AndroidManifest.xml:146:13-59
272            android:label="@string/edit_core_device_interface_module_controller_activity"
272-->[org.firstinspires.ftc:FtcCommon:7.1.0] AndroidManifest.xml:147:13-90
273            android:windowSoftInputMode="stateHidden|adjustResize" >
273-->[org.firstinspires.ftc:FtcCommon:7.1.0] AndroidManifest.xml:148:13-67
274        </activity>
275        <activity
275-->[org.firstinspires.ftc:FtcCommon:7.1.0] AndroidManifest.xml:150:9-155:20
276            android:name="com.qualcomm.ftccommon.configuration.EditLynxModuleActivity"
276-->[org.firstinspires.ftc:FtcCommon:7.1.0] AndroidManifest.xml:151:13-87
277            android:configChanges="orientation|screenSize"
277-->[org.firstinspires.ftc:FtcCommon:7.1.0] AndroidManifest.xml:152:13-59
278            android:label="@string/edit_lynx_module_controller_activity"
278-->[org.firstinspires.ftc:FtcCommon:7.1.0] AndroidManifest.xml:153:13-73
279            android:windowSoftInputMode="stateHidden|adjustResize" >
279-->[org.firstinspires.ftc:FtcCommon:7.1.0] AndroidManifest.xml:154:13-67
280        </activity>
281        <activity
281-->[org.firstinspires.ftc:FtcCommon:7.1.0] AndroidManifest.xml:156:9-161:20
282            android:name="com.qualcomm.ftccommon.configuration.EditLynxUsbDeviceActivity"